<?xml version="1.0" encoding="UTF-8"?>
<Site BuildName="Darwin-clang++"
	BuildStamp="20210219-0803-Experimental"
	Name="MacBook-Pro.local"
	Generator="ctest-3.19.4"
	CompilerName="/usr/bin/clang++"
	CompilerVersion="12.0.0.12000032"
	OSName="macOS"
	Hostname="MacBook-Pro.local"
	OSRelease="11.2.1"
	OSVersion="20D74"
	OSPlatform="x86_64"
	Is64Bits="1"
	VendorString="GenuineIntel"
	VendorID="Intel Corporation"
	FamilyID="6"
	ModelID="126"
	ProcessorCacheSize="32768"
	NumberOfLogicalCPU="8"
	NumberOfPhysicalCPU="4"
	TotalVirtualMemory="0"
	TotalPhysicalMemory="16384"
	LogicalProcessorsPerPhysical="8"
	ProcessorClockFrequency="2000"
	>
	<Testing>
		<StartDateTime>Feb 19 17:03 KST</StartDateTime>
		<StartTestTime>1613721809</StartTestTime>
		<TestList/>
		<EndDateTime>Feb 19 17:03 KST</EndDateTime>
		<EndTestTime>1613721809</EndTestTime>
		<ElapsedMinutes>0</ElapsedMinutes>
	</Testing>
</Site>
